INFO: [VRFC 10-2263] Analyzing Verilog file "E:/Vivado/FPGA_project/DDS/project_1.gen/sources_1/ip/blk_mem_gen_0/sim/blk_mem_gen_0.v" into library xil_defaultlib
INFO: [VRFC 10-311] analyzing module blk_mem_gen_0
INFO: [VRFC 10-2263] Analyzing Verilog file "E:/Vivado/FPGA_project/DDS/project_1.gen/sources_1/ip/clk_wiz_0/clk_wiz_0_clk_wiz.v" into library xil_defaultlib
INFO: [VRFC 10-311] analyzing module clk_wiz_0_clk_wiz
INFO: [VRFC 10-2263] Analyzing Verilog file "E:/Vivado/FPGA_project/DDS/project_1.gen/sources_1/ip/clk_wiz_0/clk_wiz_0.v" into library xil_defaultlib
INFO: [VRFC 10-311] analyzing module clk_wiz_0
INFO: [VRFC 10-2263] Analyzing Verilog file "E:/Vivado/FPGA_project/DDS/DDS.srcs/sources_1/new/accumulator.v" into library xil_defaultlib
INFO: [VRFC 10-311] analyzing module accumulator
INFO: [VRFC 10-2263] Analyzing Verilog file "E:/Vivado/FPGA_project/DDS/DDS.srcs/sources_1/new/blk_mem.v" into library xil_defaultlib
INFO: [VRFC 10-311] analyzing module blk_mem
INFO: [VRFC 10-2263] Analyzing Verilog file "E:/Vivado/FPGA_project/DDS/DDS.srcs/sources_1/new/clk.v" into library xil_defaultlib
INFO: [VRFC 10-311] analyzing module clk
INFO: [VRFC 10-2263] Analyzing Verilog file "E:/Vivado/FPGA_project/DDS/DDS.srcs/sources_1/new/dds_clk_out.v" into library xil_defaultlib
INFO: [VRFC 10-311] analyzing module dds_clk_out
INFO: [VRFC 10-2263] Analyzing Verilog file "E:/Vivado/FPGA_project/DDS/DDS.srcs/sources_1/new/dds_top.v" into library xil_defaultlib
INFO: [VRFC 10-311] analyzing module dds_top
INFO: [VRFC 10-2263] Analyzing Verilog file "E:/Vivado/FPGA_project/DDS/DDS.srcs/sources_1/new/phase_transform.v" into library xil_defaultlib
INFO: [VRFC 10-311] analyzing module phase_transform
INFO: [VRFC 10-2263] Analyzing Verilog file "E:/Vivado/FPGA_project/DDS/DDS.srcs/sources_1/new/rst.v" into library xil_defaultlib
INFO: [VRFC 10-311] analyzing module rst_sync
INFO: [VRFC 10-2263] Analyzing Verilog file "E:/Vivado/FPGA_project/DDS/DDS.srcs/sources_1/new/sine_lookup_rom.v" into library xil_defaultlib
INFO: [VRFC 10-311] analyzing module sine_lookup_rom
INFO: [VRFC 10-2263] Analyzing Verilog file "E:/Vivado/FPGA_project/DDS/DDS.srcs/sim_1/new/tb_dds_top.v" into library xil_defaultlib
INFO: [VRFC 10-311] analyzing module tb_dds_top
